<?xml version="1.0" encoding="UTF-8"?>
<!-- Generated by org.testng.reporters.JUnitReportReporter -->
<testsuite hostname="bafeecfbfcebfaf332364376fcfbcaffdcacaone-0" failures="0" tests="1" name="runner.IhclTest" time="14.098" errors="0" timestamp="2025-08-21T14:56:26 UTC" skipped="0">
  <testcase classname="runner.IhclTest" name="testOne" time="14.098"/>
</testsuite> <!-- runner.IhclTest -->
