<?xml version="1.0" encoding="UTF-8"?>
<!-- Generated by org.testng.reporters.JUnitReportReporter -->
<testsuite hostname="bafeecfbfcebfaf332364376fcfbcaffdcacaone-0" failures="0" tests="2" name="runner.IhclTest" time="19.560" errors="0" timestamp="2025-08-21T15:36:39 UTC" skipped="0">
  <testcase classname="runner.IhclTest" name="testTwo" time="7.205"/>
  <testcase classname="runner.IhclTest" name="testOne" time="12.355"/>
</testsuite> <!-- runner.IhclTest -->
