<?xml version="1.0" encoding="UTF-8"?>
<!-- Generated by org.testng.reporters.JUnitReportReporter -->
<testsuite hostname="bafeecfbfcebfaf332364376fcfbcaffdcacaone-0" failures="0" tests="2" name="runner.IhclTest" time="46.872" errors="0" timestamp="2025-08-21T15:42:13 UTC" skipped="0">
  <testcase classname="runner.IhclTest" name="testTwo" time="34.009"/>
  <testcase classname="runner.IhclTest" name="testOne" time="12.863"/>
</testsuite> <!-- runner.IhclTest -->
