<?xml version="1.0" encoding="UTF-8"?>
<!-- Generated by org.testng.reporters.JUnitReportReporter -->
<testsuite hostname="bafeecfbfcebfaf332364376fcfbcaffdcacaone-0" failures="0" tests="3" name="runner.IhclTest" time="25.516" errors="0" timestamp="2025-08-21T16:45:09 UTC" skipped="0">
  <testcase classname="runner.IhclTest" name="testOne" time="12.772"/>
  <testcase classname="runner.IhclTest" name="testTwo" time="5.822"/>
  <testcase classname="runner.IhclTest" name="testThree" time="6.922"/>
</testsuite> <!-- runner.IhclTest -->
