<?xml version="1.0" encoding="UTF-8"?>
<!-- Generated by org.testng.reporters.JUnitReportReporter -->
<testsuite hostname="bafeecfbfcebfaf332364376fcfbcaffdcacaone-0" failures="0" tests="1" name="runner.IhclTest" time="11.576" errors="0" timestamp="2025-08-21T14:22:37 UTC" skipped="0">
  <testcase classname="runner.IhclTest" name="testOne" time="11.576"/>
</testsuite> <!-- runner.IhclTest -->
