<?xml version="1.0" encoding="UTF-8"?>
<!-- Generated by org.testng.reporters.JUnitReportReporter -->
<testsuite hostname="bafeecfbfcebfaf332364376fcfbcaffdcacaone-0" failures="0" tests="2" name="runner.IhclTest" time="23.128" errors="0" timestamp="2025-08-21T16:24:40 UTC" skipped="0">
  <testcase classname="runner.IhclTest" name="testTwo" time="6.900"/>
  <testcase classname="runner.IhclTest" name="testOne" time="16.228"/>
</testsuite> <!-- runner.IhclTest -->
