<?xml version="1.0" encoding="UTF-8"?>
<!-- Generated by org.testng.reporters.JUnitReportReporter -->
<testsuite hostname="bafeecfbfcebfaf332364376fcfbcaffdcacaone-0" failures="0" tests="3" name="runner.IhclTest" time="27.178" errors="0" timestamp="2025-08-21T16:32:21 UTC" skipped="0">
  <testcase classname="runner.IhclTest" name="testThree" time="8.422"/>
  <testcase classname="runner.IhclTest" name="testOne" time="12.623"/>
  <testcase classname="runner.IhclTest" name="testTwo" time="6.133"/>
</testsuite> <!-- runner.IhclTest -->
