<?xml version="1.0" encoding="UTF-8"?>
<!-- Generated by org.testng.reporters.JUnitReportReporter -->
<testsuite hostname="bafeecfbfcebfaf332364376fcfbcaffdcacaone-0" failures="0" tests="3" name="runner.IhclTest" time="28.196" errors="0" timestamp="2025-08-21T16:31:05 UTC" skipped="0">
  <testcase classname="runner.IhclTest" name="testOne" time="13.087"/>
  <testcase classname="runner.IhclTest" name="testTwo" time="5.704"/>
  <testcase classname="runner.IhclTest" name="testThree" time="9.405"/>
</testsuite> <!-- runner.IhclTest -->
